---------18:36:35---------
[18:36:35]::Info->Start bot...
[18:36:35]::Info->Name tag:Sirend#4063
[18:36:50]::Info->Run command: time
[18:37:25]::Info->Run command: time
[18:38:00]::Info->Run command: time
---------18:42:00---------
[18:42:00]::Info->Start bot...
[18:42:00]::Info->Name tag:Sirend#4063
[18:42:06]::Info->Run command: join
---------18:42:41---------
[18:42:41]::Info->Start bot...
[18:42:41]::Info->Name tag:Sirend#4063
[18:42:53]::Info->Run command: join
[18:44:42]::Info->Run command: join
---------18:46:04---------
[18:46:04]::Info->Start bot...
[18:46:04]::Info->Name tag:Sirend#4063
[18:46:13]::Info->Run command: time
[18:46:13]::Info->Run command: join
---------18:47:23---------
[18:47:23]::Info->Start bot...
[18:47:23]::Info->Name tag:Sirend#4063
[18:47:33]::Info->Run command: join
---------18:48:36---------
[18:48:36]::Info->Start bot...
[18:48:36]::Info->Name tag:Sirend#4063
[18:48:38]::Info->Run command: join
[18:48:40]::Info->Run command: join
---------18:55:46---------
[18:55:46]::Info->Start bot...
[18:55:46]::Info->Name tag:Sirend#4063
---------18:57:05---------
[18:57:05]::Info->Start bot...
[18:57:05]::Info->Name tag:Sirend#4063
[18:57:07]::Info->Run command: join
---------18:59:40---------
[18:59:40]::Info->Start bot...
[18:59:40]::Info->Name tag:Sirend#4063
[18:59:43]::Info->Run command: leave
---------19:00:59---------
[19:00:59]::Info->Start bot...
[19:00:59]::Info->Name tag:Sirend#4063
[19:01:04]::Info->Run command: leave
[19:01:18]::Info->Run command: join
[19:01:18]::Info->Join channel: talk-1
---------19:02:25---------
[19:02:25]::Info->Start bot...
[19:02:25]::Info->Name tag:Sirend#4063
[19:02:30]::Info->Run command: join
[19:02:30]::Info->Join channel: talk-1
[19:02:39]::Info->Run command: leave
[19:02:45]::Info->Run command: join
[19:02:45]::Info->Join channel: talk-1
[19:02:57]::Info->Run command: leave
[19:05:49]::Info->Run command: ping
[19:06:00]::Info->Run command: join
[19:06:00]::Info->Join channel: talk-3
[19:06:08]::Info->Run command: join
[19:06:08]::Info->Join channel: talk-1
[19:06:35]::Info->Run command: leave
[19:06:43]::Info->Run command: join
[19:06:43]::Info->Join channel: talk-1
---------19:08:41---------
[19:08:41]::Info->Start bot...
[19:08:41]::Info->Name tag:Sirend#4063
---------19:09:17---------
[19:09:17]::Info->Start bot...
[19:09:17]::Info->Name tag:Sirend#4063
[19:09:26]::Info->Run command: leave
[19:09:26]::Info->Leave channel
[19:09:59]::Info->Run command: leave
[19:09:59]::Info->Leave channel
[19:10:45]::Info->Run command: leave
[19:10:45]::Info->Leave channel
---------19:11:02---------
[19:11:02]::Info->Start bot...
[19:11:02]::Info->Name tag:Sirend#4063
[19:11:12]::Info->Run command: join
[19:11:12]::Info->Join channel: talk-2
[19:11:36]::Info->Run command: ping
---------19:22:51---------
[19:22:51]::Info->Start bot...
[19:22:51]::Info->Name tag:Sirend#4063
[19:23:00]::Info->Run command: join
[19:23:00]::Info->Join channel: talk-2
[19:23:04]::Info->Run command: leave
[19:23:04]::Info->Leave channel
---------19:32:52---------
[19:32:52]::Info->Start bot...
[19:32:52]::Info->Name tag:Sirend#4063
[19:33:01]::Info->Run command: play
[19:33:10]::Info->Run command: join
[19:33:10]::Info->Join channel: talk-2
[19:33:15]::Info->Run command: play
---------19:34:57---------
[19:34:57]::Info->Start bot...
[19:34:57]::Info->Name tag:Sirend#4063
[19:35:00]::Info->Run command: leave
[19:35:00]::Info->Leave channel
[19:35:06]::Info->Run command: join
[19:35:06]::Info->Join channel: talk-2
[19:35:20]::Info->Run command: play
---------19:36:58---------
[19:36:58]::Info->Start bot...
[19:36:58]::Info->Name tag:Sirend#4063
---------19:37:11---------
[19:37:11]::Info->Start bot...
[19:37:11]::Info->Name tag:Sirend#4063
[19:37:15]::Info->Run command: join
[19:37:15]::Info->Join channel: talk-2
[19:37:28]::Info->Run command: play
---------19:43:59---------
[19:43:59]::Info->Start bot...
[19:43:59]::Info->Name tag:Sirend#4063
[19:44:07]::Info->Run command: join
[19:44:07]::Info->Join channel: talk-2
---------19:48:33---------
[19:48:33]::Info->Start bot...
[19:48:33]::Info->Name tag:Sirend#4063
[19:48:38]::Info->Run command: join
[19:48:38]::Info->Join channel: talk-2
[19:48:50]::Info->Run command: ping
[19:48:50]::Info->Ping: 156
---------19:49:12---------
[19:49:12]::Info->Start bot...
[19:49:12]::Info->Name tag:Sirend#4063
[19:49:18]::Info->Run command: join
[19:49:18]::Info->Join channel: talk-2
[19:49:22]::Info->Run command: play
[19:49:25]::Info->Run command: time
[19:49:48]::Info->Run command: play
---------19:50:42---------
[19:50:42]::Info->Start bot...
[19:50:42]::Info->Name tag:Sirend#4063
[19:50:48]::Info->Run command: join
[19:50:48]::Info->Join channel: talk-2
[19:50:59]::Info->Run command: play
---------20:17:15---------
[20:17:15]::Info->Start bot...
[20:17:15]::Info->Name tag:Sirend#4063
[20:17:24]::Info->Run command: join
[20:17:24]::Info->Join channel: talk-2
---------20:19:33---------
[20:19:33]::Info->Start bot...
[20:19:33]::Info->Name tag:Sirend#4063
[20:19:37]::Info->Run command: join
[20:19:37]::Info->Join channel: talk-2
[20:19:39]::Info->Run command: play
[20:19:43]::Info->Run command: play
[20:19:58]::Info->Run command: time
---------20:20:37---------
[20:20:37]::Info->Start bot...
[20:20:37]::Info->Name tag:Sirend#4063
[20:20:45]::Info->Run command: join
[20:20:45]::Info->Join channel: talk-2
---------20:21:25---------
[20:21:25]::Info->Start bot...
[20:21:25]::Info->Name tag:Sirend#4063
[20:21:27]::Info->Run command: join
[20:21:27]::Info->Join channel: talk-2
---------20:22:10---------
[20:22:10]::Info->Start bot...
[20:22:10]::Info->Name tag:Sirend#4063
[20:22:13]::Info->Run command: join
[20:22:13]::Info->Join channel: talk-2
---------20:23:35---------
[20:23:35]::Info->Start bot...
[20:23:35]::Info->Name tag:Sirend#4063
[20:23:37]::Info->Run command: join
[20:23:37]::Info->Join channel: talk-2
---------20:24:26---------
[20:24:26]::Info->Start bot...
[20:24:26]::Info->Name tag:Sirend#4063
[20:24:27]::Info->Run command: join
[20:24:27]::Info->Join channel: talk-2
---------20:29:07---------
[20:29:07]::Info->Start bot...
[20:29:07]::Info->Name tag:Sirend#4063
[20:29:10]::Info->Run command: join
[20:29:10]::Info->Join channel: talk-2
[20:29:22]::Info->Run command: play
---------20:32:25---------
[20:32:25]::Info->Start bot...
[20:32:25]::Info->Name tag:Sirend#4063
[20:32:27]::Info->Run command: join
[20:32:27]::Info->Join channel: talk-2
[20:32:35]::Info->Run command: play
---------20:35:53---------
[20:35:53]::Info->Start bot...
[20:35:53]::Info->Name tag:Sirend#4063
[20:35:55]::Info->Run command: join
[20:35:55]::Info->Join channel: talk-2
[20:35:56]::Info->Run command: play
[20:36:31]::Info->Run command: leave
[20:36:31]::Info->Leave channel
[20:36:36]::Info->Run command: join
[20:36:36]::Info->Join channel: talk-2
[20:36:40]::Info->Run command: play
---------20:37:45---------
[20:37:45]::Info->Start bot...
[20:37:45]::Info->Name tag:Sirend#4063
[20:37:49]::Info->Run command: join
[20:37:49]::Info->Join channel: talk-2
[20:37:57]::Info->Run command: play
---------20:38:53---------
[20:38:53]::Info->Start bot...
[20:38:53]::Info->Name tag:Sirend#4063
[20:38:56]::Info->Run command: join
[20:38:56]::Info->Join channel: talk-2
[20:38:58]::Info->Run command: play
---------20:39:41---------
[20:39:41]::Info->Start bot...
[20:39:41]::Info->Name tag:Sirend#4063
[20:39:46]::Info->Run command: join
[20:39:46]::Info->Join channel: talk-2
[20:39:48]::Info->Run command: play
---------20:40:32---------
[20:40:32]::Info->Start bot...
[20:40:32]::Info->Name tag:Sirend#4063
[20:40:38]::Info->Run command: join
[20:40:38]::Info->Join channel: talk-2
[20:40:40]::Info->Run command: play
---------20:41:27---------
[20:41:27]::Info->Start bot...
[20:41:27]::Info->Name tag:Sirend#4063
[20:41:38]::Info->Run command: join
[20:41:38]::Info->Join channel: talk-2
[20:41:39]::Info->Run command: play
---------20:43:09---------
[20:43:09]::Info->Start bot...
[20:43:09]::Info->Name tag:Sirend#4063
[20:43:15]::Info->Run command: play
---------20:43:58---------
[20:43:58]::Info->Start bot...
[20:43:58]::Info->Name tag:Sirend#4063
[20:43:59]::Info->Run command: play
---------20:44:39---------
[20:44:39]::Info->Start bot...
[20:44:39]::Info->Name tag:Sirend#4063
[20:44:47]::Info->Run command: play
---------20:45:40---------
[20:45:40]::Info->Start bot...
[20:45:40]::Info->Name tag:Sirend#4063
[20:45:42]::Info->Run command: play
[20:47:52]::Info->Run command: leave
[20:47:52]::Info->Leave channel
---------20:48:37---------
[20:48:37]::Info->Start bot...
[20:48:37]::Info->Name tag:Sirend#4063
[20:48:43]::Info->Run command: play
[20:48:50]::Info->Run command: play
---------20:54:01---------
[20:54:01]::Info->Start bot...
[20:54:01]::Info->Name tag:Sirend#4063
[20:54:06]::Info->Run command: play
---------20:58:21---------
[20:58:21]::Info->Start bot...
[20:58:21]::Info->Name tag:Sirend#4063
[20:58:31]::Info->Run command: play
---------15:45:10---------
[15:45:10]::Info->Start bot...
[15:45:10]::Info->Name tag:Sirend#4063
[15:45:28]::Info->Run command: play
---------15:48:44---------
[15:48:44]::Info->Start bot...
[15:48:44]::Info->Name tag:Sirend#4063
[15:48:50]::Info->Run command: play
---------15:50:09---------
[15:50:09]::Info->Start bot...
[15:50:09]::Info->Name tag:Sirend#4063
[15:50:13]::Info->Run command: play
---------15:56:15---------
[15:56:15]::Info->Start bot...
[15:56:15]::Info->Name tag:Sirend#4063
[15:56:21]::Info->Run command: play
---------15:57:44---------
[15:57:44]::Info->Start bot...
[15:57:44]::Info->Name tag:Sirend#4063
[15:57:48]::Info->Run command: play
---------15:59:22---------
[15:59:22]::Info->Start bot...
[15:59:22]::Info->Name tag:Sirend#4063
[15:59:29]::Info->Run command: play
[16:03:08]::Info->Run command: leave
[16:03:08]::Info->Leave channel
[16:03:15]::Info->Run command: play
[16:04:12]::Info->Run command: leave
[16:04:12]::Info->Leave channel
---------11:30:03---------
[11:30:03]::Info->Start bot...
[11:30:03]::Info->Name tag:Sirent#4063
[11:30:27]::Info->Run command: play
[11:30:38]::Info->Run command: leave
[11:30:38]::Info->Leave channel
---------11:46:30---------
[11:46:30]::Info->Start bot...
[11:46:30]::Info->Name tag:Sirent#4063
[11:47:30]::Info->Run command: play
[11:48:29]::Info->Run command: leave
[11:48:29]::Info->Leave channel
---------11:48:52---------
[11:48:52]::Info->Start bot...
[11:48:52]::Info->Name tag:Sirent#4063
---------11:49:03---------
[11:49:03]::Info->Start bot...
[11:49:03]::Info->Name tag:Sirent#4063
[11:49:21]::Info->Run command: play
[11:49:40]::Info->Run command: leave
[11:49:40]::Info->Leave channel
---------11:50:32---------
[11:50:32]::Info->Start bot...
[11:50:32]::Info->Name tag:Sirent#4063
[11:50:37]::Info->Run command: play
[11:50:43]::Info->Run command: leave
[11:50:43]::Info->Leave channel
---------11:52:02---------
[11:52:02]::Info->Start bot...
[11:52:02]::Info->Name tag:Sirent#4063
[11:52:09]::Info->Run command: play
[11:52:16]::Info->Run command: leave
[11:52:16]::Info->Leave channel
---------11:54:12---------
[11:54:12]::Info->Start bot...
[11:54:12]::Info->Name tag:Sirent#4063
---------11:55:11---------
[11:55:11]::Info->Start bot...
[11:55:11]::Info->Name tag:Sirent#4063
---------11:58:36---------
[11:58:36]::Info->Start bot...
[11:58:36]::Info->Name tag:Sirent#4063
---------12:00:06---------
[12:00:06]::Info->Start bot...
[12:00:06]::Info->Name tag:Sirent#4063
[12:00:24]::Info->Run command: play
---------12:05:01---------
[12:05:01]::Info->Start bot...
[12:05:01]::Info->Name tag:Sirent#4063
[12:05:11]::Info->Run command: play
---------12:05:59---------
[12:05:59]::Info->Start bot...
[12:05:59]::Info->Name tag:Sirent#4063
[12:06:12]::Info->Run command: play
---------12:13:42---------
[12:13:42]::Info->Start bot...
[12:13:42]::Info->Name tag:Sirent#4063
[12:13:55]::Info->Run command: play
---------12:14:19---------
[12:14:19]::Info->Start bot...
[12:14:19]::Info->Name tag:Sirent#4063
[12:14:23]::Info->Run command: play
---------12:15:03---------
[12:15:03]::Info->Start bot...
[12:15:03]::Info->Name tag:Sirent#4063
[12:15:08]::Info->Run command: play
---------12:17:47---------
[12:17:47]::Info->Start bot...
[12:17:47]::Info->Name tag:Sirent#4063
[12:17:50]::Info->Run command: play
---------12:21:56---------
[12:21:56]::Info->Start bot...
[12:21:56]::Info->Name tag:Sirent#4063
[12:21:59]::Info->Run command: play
[12:22:29]::Info->Run command: play
---------12:22:42---------
[12:22:42]::Info->Start bot...
[12:22:42]::Info->Name tag:Sirent#4063
[12:22:45]::Info->Run command: play
---------12:24:49---------
[12:24:49]::Info->Start bot...
[12:24:49]::Info->Name tag:Sirent#4063
[12:24:50]::Info->Run command: play
---------12:26:01---------
[12:26:01]::Info->Start bot...
[12:26:01]::Info->Name tag:Sirent#4063
[12:26:06]::Info->Run command: play
[12:26:25]::Info->Run command: leave
[12:26:25]::Info->Leave channel
---------12:27:46---------
[12:27:46]::Info->Start bot...
[12:27:46]::Info->Name tag:Sirent#4063
[12:27:52]::Info->Run command: play
---------12:28:14---------
[12:28:14]::Info->Start bot...
[12:28:14]::Info->Name tag:Sirent#4063
[12:28:18]::Info->Run command: play
---------12:28:57---------
[12:28:57]::Info->Start bot...
[12:28:57]::Info->Name tag:Sirent#4063
[12:29:01]::Info->Run command: play
---------12:29:28---------
[12:29:28]::Info->Start bot...
[12:29:28]::Info->Name tag:Sirent#4063
---------12:29:57---------
[12:29:57]::Info->Start bot...
[12:29:57]::Info->Name tag:Sirent#4063
[12:30:02]::Info->Run command: play
---------12:31:31---------
[12:31:31]::Info->Start bot...
[12:31:31]::Info->Name tag:Sirent#4063
[12:31:40]::Info->Run command: play
---------12:53:38---------
[12:53:38]::Info->Start bot...
[12:53:38]::Info->Name tag:Sirent#4063
[12:54:05]::Info->Run command: play
[12:54:05]::Info->Play from url: https://www.youtube.com/watch?v=vvub2Uu8KTA
[13:01:23]::Info->Run command: pause
[13:01:23]::Error->Pausing the played url
---------13:02:18---------
[13:02:18]::Info->Start bot...
[13:02:18]::Info->Name tag:Sirent#4063
[13:02:26]::Info->Run command: play
[13:02:26]::Info->Play from url: https://www.youtube.com/watch?v=mVdSAWWOvSw&list=RDmVdSAWWOvSw&start_radio=1
[13:02:36]::Info->Run command: pause
[13:02:36]::Error->Pausing the played url
[13:04:39]::Info->Run command: pause
[13:04:39]::Error->Pausing the played url
---------08.02.2021. 13:24:06 - ---------
[08.02.2021. 13:24:06 - ]::Info->Start bot...
[08.02.2021. 13:24:06 - ]::Info->Name tag:Sirent#4063
---------08.02.2021. 13:24:45 - ---------
[08.02.2021. 13:24:45 - ]::Info->Start bot...
[08.02.2021. 13:24:45 - ]::Info->Name tag:Sirent#4063
[08.02.2021. 13:24:46 - ]::Info->Run command: time
---------08.02.2021 13:25:23 ---------
[08.02.2021 13:25:23 ]::Info->Start bot...
[08.02.2021 13:25:23 ]::Info->Name tag:Sirent#4063
[08.02.2021 13:25:24 ]::Info->Run command: time
---------08.02.2021 13:25:35/---------
[08.02.2021 13:25:35/]::Info->Start bot...
[08.02.2021 13:25:35/]::Info->Name tag:Sirent#4063
[08.02.2021 13:25:37/]::Info->Run command: time
---------08.02.2021 13:26:09 - ---------
[08.02.2021 13:26:09 - ]::Info->Start bot...
[08.02.2021 13:26:09 - ]::Info->Name tag:Sirent#4063
[08.02.2021 13:26:11 - ]::Info->Run command: time
---------08.02.2021 13:40:33---------
[08.02.2021 13:40:33]::Info->Start bot...
[08.02.2021 13:40:33]::Info->Name tag:Sirent#4063
[08.02.2021 13:40:38]::Info->Run command: time
---------08.02.2021 13:44:30---------
[08.02.2021 13:44:30]::Info->Start bot...
[08.02.2021 13:44:30]::Info->Name tag:Sirent#4063
---------08.02.2021 13:46:39---------
[08.02.2021 13:46:39]::Info->Start bot...
[08.02.2021 13:46:39]::Info->Name tag:Sirent#4063
---------08.02.2021 13:50:51---------
[08.02.2021 13:50:51]::Info->Start bot...
[08.02.2021 13:50:51]::Info->Name tag:Sirent#4063
---------08.02.2021 13:53:43---------
[08.02.2021 13:53:43]::Info->Start bot...
[08.02.2021 13:53:43]::Info->Name tag:Sirent#4063
---------08.02.2021 15:29:00---------
[08.02.2021 15:29:00]::Info->Start bot...
[08.02.2021 15:29:00]::Info->Name tag:Sirent#4063
---------08.02.2021 15:39:05---------
[08.02.2021 15:39:05]::Info->Start bot...
[08.02.2021 15:39:05]::Info->Name tag:Sirent#4063
[08.02.2021 15:39:21]::Info->Run command: ping
[08.02.2021 15:39:21]::Info->Ping: 175
[08.02.2021 15:39:37]::Info->Run command: ping
[08.02.2021 15:39:37]::Info->Ping: 175
[08.02.2021 15:41:11]::Info->Run command: ping
[08.02.2021 15:41:11]::Info->Ping: 547
[08.02.2021 15:43:14]::Info->Run command: ping
[08.02.2021 15:43:14]::Info->Ping: 245
---------08.02.2021 15:43:45---------
[08.02.2021 15:43:45]::Info->Start bot...
[08.02.2021 15:43:45]::Info->Name tag:Sirent#4063
[08.02.2021 15:43:49]::Info->Run command: ping
[08.02.2021 15:43:49]::Info->Ping: 149
---------08.02.2021 15:44:49---------
[08.02.2021 15:44:49]::Info->Start bot...
[08.02.2021 15:44:49]::Info->Name tag:Sirent#4063
[08.02.2021 15:44:54]::Info->Run command: time
---------08.02.2021 15:52:41---------
[08.02.2021 15:52:41]::Info->Start bot...
[08.02.2021 15:52:41]::Info->Name tag:Sirent#4063
[08.02.2021 15:52:42]::Info->Run command: time
---------08.02.2021 15:54:25---------
[08.02.2021 15:54:25]::Info->Start bot...
[08.02.2021 15:54:25]::Info->Name tag:Sirent#4063
---------08.02.2021 15:55:59---------
[08.02.2021 15:55:59]::Info->Start bot...
[08.02.2021 15:55:59]::Info->Name tag:Sirent#4063
[08.02.2021 15:56:06]::Info->Run command: ping
[08.02.2021 15:56:06]::Info->Ping: 205
---------08.02.2021 15:59:03---------
[08.02.2021 15:59:03]::Info->Start bot...
[08.02.2021 15:59:03]::Info->Name tag:Sirent#4063
---------08.02.2021 15:59:43---------
[08.02.2021 15:59:43]::Info->Start bot...
[08.02.2021 15:59:43]::Info->Name tag:Sirent#4063
[08.02.2021 15:59:49]::Info->Run command: ping
[08.02.2021 15:59:49]::Info->Ping: 156
---------08.02.2021 16:05:30---------
[08.02.2021 16:05:30]::Info->Start bot...
[08.02.2021 16:05:30]::Info->Name tag:Sirent#4063
[08.02.2021 16:05:46]::Info->Run command: ping
[08.02.2021 16:05:46]::Info->Ping: 170
---------08.02.2021 17:11:19---------
[08.02.2021 17:11:19]::Info->Start bot...
[08.02.2021 17:11:19]::Info->Name tag:Sirent#4063
---------08.02.2021 17:17:44---------
[08.02.2021 17:17:44]::Info->Start bot...
[08.02.2021 17:17:44]::Info->Name tag:Sirent#4063
---------08.02.2021 17:20:56---------
[08.02.2021 17:20:56]::Info->Start bot...
[08.02.2021 17:20:56]::Info->Name tag:Sirent#4063
---------08.02.2021 17:22:18---------
[08.02.2021 17:22:18]::Info->Start bot...
[08.02.2021 17:22:18]::Info->Name tag:Sirent#4063
---------08.02.2021 17:22:40---------
[08.02.2021 17:22:40]::Info->Start bot...
[08.02.2021 17:22:40]::Info->Name tag:Sirent#4063
[08.02.2021 17:22:47]::Info->Run command: ping
[08.02.2021 17:22:47]::Info->Ping: 175
---------08.02.2021 17:23:54---------
[08.02.2021 17:23:54]::Info->Start bot...
[08.02.2021 17:23:54]::Info->Name tag:Sirent#4063
[08.02.2021 17:24:12]::Info->Run command: ping
[08.02.2021 17:24:12]::Info->Ping: 151
---------08.02.2021 17:26:04---------
[08.02.2021 17:26:04]::Info->Start bot...
[08.02.2021 17:26:04]::Info->Name tag:Sirent#4063
---------08.02.2021 17:35:44---------
[08.02.2021 17:35:44]::Info->Start bot...
[08.02.2021 17:35:44]::Info->Name tag:Sirent#4063
---------08.02.2021 17:37:16---------
[08.02.2021 17:37:16]::Info->Start bot...
[08.02.2021 17:37:16]::Info->Name tag:Sirent#4063
---------08.02.2021 17:38:21---------
[08.02.2021 17:38:21]::Info->Start bot...
[08.02.2021 17:38:21]::Info->Name tag:Sirent#4063
---------08.02.2021 17:40:03---------
[08.02.2021 17:40:03]::Info->Start bot...
[08.02.2021 17:40:03]::Info->Name tag:Sirent#4063
---------08.02.2021 17:40:55---------
[08.02.2021 17:40:55]::Info->Start bot...
[08.02.2021 17:40:55]::Info->Name tag:Sirent#4063
---------09.02.2021 11:41:42---------
[09.02.2021 11:41:42]::Info->Start bot...
[09.02.2021 11:41:42]::Info->Name tag:Sirent#4063
---------09.02.2021 11:43:26---------
[09.02.2021 11:43:26]::Info->Start bot...
[09.02.2021 11:43:26]::Info->Name tag:Sirent#4063
---------09.02.2021 11:44:00---------
[09.02.2021 11:44:00]::Info->Start bot...
[09.02.2021 11:44:00]::Info->Name tag:Sirent#4063
---------09.02.2021 11:46:37---------
[09.02.2021 11:46:37]::Info->Start bot...
[09.02.2021 11:46:37]::Info->Name tag:Sirent#4063
[09.02.2021 11:47:07]::Info->Run command: time
---------09.02.2021 11:49:28---------
[09.02.2021 11:49:28]::Info->Start bot...
[09.02.2021 11:49:28]::Info->Name tag:Sirent#4063
---------09.02.2021 11:50:02---------
[09.02.2021 11:50:02]::Info->Start bot...
[09.02.2021 11:50:02]::Info->Name tag:Sirent#4063
---------09.02.2021 11:53:19---------
[09.02.2021 11:53:19]::Info->Start bot...
[09.02.2021 11:53:19]::Info->Name tag:Sirent#4063
---------09.02.2021 11:56:42---------
[09.02.2021 11:56:42]::Info->Start bot...
[09.02.2021 11:56:42]::Info->Name tag:Sirent#4063
[09.02.2021 11:57:00]::Info->Run command: permission
[09.02.2021 11:57:04]::Error->Need argument: level
[09.02.2021 11:57:14]::Info->Run command: permission
---------09.02.2021 11:57:46---------
[09.02.2021 11:57:46]::Info->Start bot...
[09.02.2021 11:57:46]::Info->Name tag:Sirent#4063
[09.02.2021 11:57:56]::Info->Run command: permission
---------09.02.2021 11:58:16---------
[09.02.2021 11:58:16]::Info->Start bot...
[09.02.2021 11:58:16]::Info->Name tag:Sirent#4063
[09.02.2021 11:58:19]::Info->Run command: permission
---------09.02.2021 12:00:15---------
[09.02.2021 12:00:15]::Info->Start bot...
[09.02.2021 12:00:15]::Info->Name tag:Sirent#4063
[09.02.2021 12:00:18]::Info->Run command: permission
---------09.02.2021 12:15:21---------
[09.02.2021 12:15:21]::Info->Start bot...
[09.02.2021 12:15:21]::Info->Name tag:Sirent#4063
[09.02.2021 12:15:42]::Info->Run command: permission
[09.02.2021 12:15:42]::Error->P:(Sleepy Reacon#4786)>>(500770265551339531) has no permission for this command
[09.02.2021 12:16:07]::Info->Run command: permission
[09.02.2021 12:16:07]::Info->Current permission level: 0
[09.02.2021 12:16:14]::Info->Run command: permission
[09.02.2021 12:16:14]::Info->Set permission level from (0) => (3)
---------09.02.2021 12:19:15---------
[09.02.2021 12:19:15]::Info->Start bot...
[09.02.2021 12:19:15]::Info->Name tag:Sirent#4063
[09.02.2021 12:19:23]::Info->Run command: time
---------09.02.2021 12:29:15---------
[09.02.2021 12:29:15]::Info->Start bot...
[09.02.2021 12:29:15]::Info->Name tag:Sirent#4063
---------09.02.2021 12:29:46---------
[09.02.2021 12:29:46]::Info->Start bot...
[09.02.2021 12:29:46]::Info->Name tag:Sirent#4063
---------09.02.2021 12:30:29---------
[09.02.2021 12:30:29]::Info->Start bot...
[09.02.2021 12:30:29]::Info->Name tag:Sirent#4063
[09.02.2021 12:30:33]::Info->Run command: ping
[09.02.2021 12:30:33]::Info->Ping: 157
---------09.02.2021 12:31:09---------
[09.02.2021 12:31:09]::Info->Start bot...
[09.02.2021 12:31:09]::Info->Name tag:Sirent#4063
---------09.02.2021 12:32:29---------
[09.02.2021 12:32:29]::Info->Start bot...
[09.02.2021 12:32:29]::Info->Name tag:Sirent#4063
---------09.02.2021 12:32:48---------
[09.02.2021 12:32:48]::Info->Start bot...
[09.02.2021 12:32:48]::Info->Name tag:Sirent#4063
---------09.02.2021 12:36:44---------
[09.02.2021 12:36:44]::Info->Start bot...
[09.02.2021 12:36:44]::Info->Name tag:Sirent#4063
---------09.02.2021 12:37:03---------
[09.02.2021 12:37:03]::Info->Start bot...
[09.02.2021 12:37:03]::Info->Name tag:Sirent#4063
---------09.02.2021 12:39:42---------
[09.02.2021 12:39:42]::Info->Start bot...
[09.02.2021 12:39:42]::Info->Name tag:Sirent#4063
---------09.02.2021 12:40:06---------
[09.02.2021 12:40:06]::Info->Start bot...
[09.02.2021 12:40:06]::Info->Name tag:Sirent#4063
---------09.02.2021 12:43:02---------
[09.02.2021 12:43:02]::Info->Start bot...
[09.02.2021 12:43:02]::Info->Name tag:Sirent#4063
---------09.02.2021 12:44:52---------
[09.02.2021 12:44:52]::Info->Start bot...
[09.02.2021 12:44:52]::Info->Name tag:Sirent#4063
---------09.02.2021 12:45:17---------
[09.02.2021 12:45:17]::Info->Start bot...
[09.02.2021 12:45:17]::Info->Name tag:Sirent#4063
---------09.02.2021 12:46:18---------
[09.02.2021 12:46:18]::Info->Start bot...
[09.02.2021 12:46:18]::Info->Name tag:Sirent#4063
[09.02.2021 12:47:38]::Info->Run command: permission
[09.02.2021 12:47:38]::Info->Set permission level from (3) => (0)
---------09.02.2021 12:55:53---------
[09.02.2021 12:55:53]::Info->Start bot...
[09.02.2021 12:55:53]::Info->Name tag:Sirent#4063
---------09.02.2021 12:57:38---------
[09.02.2021 12:57:38]::Info->Start bot...
[09.02.2021 12:57:38]::Info->Name tag:Sirent#4063
---------09.02.2021 12:58:31---------
[09.02.2021 12:58:31]::Info->Start bot...
[09.02.2021 12:58:31]::Info->Name tag:Sirent#4063
---------09.02.2021 13:01:20---------
[09.02.2021 13:01:20]::Info->Start bot...
[09.02.2021 13:01:20]::Info->Name tag:Sirent#4063
---------09.02.2021 13:06:01---------
[09.02.2021 13:06:01]::Info->Start bot...
[09.02.2021 13:06:01]::Info->Name tag:Sirent#4063
---------09.02.2021 13:10:47---------
[09.02.2021 13:10:47]::Info->Start bot...
[09.02.2021 13:10:47]::Info->Name tag:Sirent#4063
---------09.02.2021 13:11:42---------
[09.02.2021 13:11:42]::Info->Start bot...
[09.02.2021 13:11:42]::Info->Name tag:Sirent#4063
---------09.02.2021 13:12:04---------
[09.02.2021 13:12:04]::Info->Start bot...
[09.02.2021 13:12:04]::Info->Name tag:Sirent#4063
---------09.02.2021 13:12:30---------
[09.02.2021 13:12:30]::Info->Start bot...
[09.02.2021 13:12:30]::Info->Name tag:Sirent#4063
---------09.02.2021 13:12:50---------
[09.02.2021 13:12:50]::Info->Start bot...
[09.02.2021 13:12:50]::Info->Name tag:Sirent#4063
---------09.02.2021 13:14:15---------
[09.02.2021 13:14:15]::Info->Start bot...
[09.02.2021 13:14:15]::Info->Name tag:Sirent#4063
---------09.02.2021 13:14:30---------
[09.02.2021 13:14:30]::Info->Start bot...
[09.02.2021 13:14:30]::Info->Name tag:Sirent#4063
---------09.02.2021 13:16:07---------
[09.02.2021 13:16:07]::Info->Start bot...
[09.02.2021 13:16:07]::Info->Name tag:Sirent#4063
---------09.02.2021 13:16:52---------
[09.02.2021 13:16:52]::Info->Start bot...
[09.02.2021 13:16:52]::Info->Name tag:Sirent#4063
---------09.02.2021 13:20:37---------
[09.02.2021 13:20:37]::Info->Start bot...
[09.02.2021 13:20:37]::Info->Name tag:Sirent#4063
---------09.02.2021 13:21:24---------
[09.02.2021 13:21:24]::Info->Start bot...
[09.02.2021 13:21:24]::Info->Name tag:Sirent#4063
